TN:
SF:practice.js
FN:1,sum
FN:5,(anonymous_1)
FN:14,(anonymous_2)
FN:21,(anonymous_3)
FN:24,(anonymous_4)
FN:27,(anonymous_5)
FN:30,(anonymous_6)
FN:35,(anonymous_7)
FNF:8
FNH:8
FNDA:1,sum
FNDA:7,(anonymous_1)
FNDA:1,(anonymous_2)
FNDA:3,(anonymous_3)
FNDA:3,(anonymous_4)
FNDA:3,(anonymous_5)
FNDA:3,(anonymous_6)
FNDA:1,(anonymous_7)
DA:2,1
DA:5,4
DA:6,7
DA:7,5
DA:11,2
DA:14,4
DA:15,1
DA:16,1
DA:17,1
DA:22,3
DA:25,3
DA:28,3
DA:31,3
DA:35,4
DA:36,1
DA:37,1
DA:38,1
DA:39,1
LF:18
LH:18
BRDA:6,0,0,5
BRDA:6,0,1,2
BRDA:6,1,0,7
BRDA:6,1,1,5
BRF:4
BRH:4
end_of_record
